--------------------------------------------------------------------------------
Release 14.7 Trace  (lin64)
Copyright (c) 1995-2013 Xilinx, Inc.  All rights reserved.

/opt/Xilinx/14.7/ISE_DS/ISE/bin/lin64/unwrapped/trce -e 3 -xml system.twx
system.ncd system.pcf

Design file:              system.ncd
Physical constraint file: system.pcf
Device,package,speed:     xc6slx45,csg324,C,-3 (PRODUCTION 1.23 2013-10-13)
Report level:             error report

Environment Variable      Effect 
--------------------      ------ 
NONE                      No environment variables were set
--------------------------------------------------------------------------------

WARNING:Timing:3223 - Timing constraint PATH 
   "TS_TIG_MCB_DDR2_CALIB_DONE_SYNCH_path" TIG; ignored during timing analysis.
INFO:Timing:3386 - Intersecting Constraints found and resolved.  For more 
   information, see the TSI report.  Please consult the Xilinx Command Line 
   Tools User Guide for information on generating a TSI report.
INFO:Timing:3412 - To improve timing, see the Timing Closure User Guide (UG612).
INFO:Timing:2752 - To get complete path coverage, use the unconstrained paths 
   option. All paths that are not constrained will be reported in the 
   unconstrained paths section(s) of the report.
INFO:Timing:3339 - The clock-to-out numbers in this timing report are based on 
   a 50 Ohm transmission line loading model.  For the details of this model, 
   and for more information on accounting for different loading conditions, 
   please see the device datasheet.

================================================================================
Timing constraint: PATH "TS_sync_microblaze_0_intc_path" TIG;

 3 paths analyzed, 2 endpoints analyzed, 0 failing endpoints
 0 timing errors detected. (0 setup errors, 0 hold errors)
--------------------------------------------------------------------------------

================================================================================
Timing constraint: PATH "TS_intr_sync_p1_microblaze_0_intc_path" TIG;

 1 path analyzed, 1 endpoint analyzed, 0 failing endpoints
 0 timing errors detected. (0 setup errors, 0 hold errors)
--------------------------------------------------------------------------------

================================================================================
Timing constraint: PATH "TS_TIG_microblaze_0_Reset_path" TIG;

 3 paths analyzed, 3 endpoints analyzed, 0 failing endpoints
 0 timing errors detected. (0 setup errors, 0 hold errors)
--------------------------------------------------------------------------------

================================================================================
Timing constraint: PATH "TS_TIG_microblaze_0_Interrupt_path" TIG;

 1 path analyzed, 1 endpoint analyzed, 0 failing endpoints
 0 timing errors detected. (0 setup errors, 0 hold errors)
--------------------------------------------------------------------------------

================================================================================
Timing constraint: PATH "TS_axi4_0_reset_resync_path" TIG;

 8 paths analyzed, 8 endpoints analyzed, 0 failing endpoints
 0 timing errors detected. (0 setup errors, 0 hold errors)
--------------------------------------------------------------------------------

================================================================================
Timing constraint: PATH "TS_axi4lite_0_reset_resync_path" TIG;

 8 paths analyzed, 8 endpoints analyzed, 0 failing endpoints
 0 timing errors detected. (0 setup errors, 0 hold errors)
--------------------------------------------------------------------------------

================================================================================
Timing constraint: PATH "TS_TIG_MCB_DDR2_CALIB_DONE_SYNCH_path" TIG;

 0 paths analyzed, 0 endpoints analyzed, 0 failing endpoints
 0 timing errors detected.
--------------------------------------------------------------------------------

================================================================================
Timing constraint: PATH "TS_TIG_MCB_DDR2_SYS_RST_SYNCH_path" TIG;

 1 path analyzed, 1 endpoint analyzed, 0 failing endpoints
 0 timing errors detected. (0 setup errors, 0 hold errors)
--------------------------------------------------------------------------------

================================================================================
Timing constraint: PATH "TS_TIG_microblaze_0_dlmb_POR_FF_I_path" TIG;

 1 path analyzed, 1 endpoint analyzed, 0 failing endpoints
 0 timing errors detected. (0 setup errors, 0 hold errors)
--------------------------------------------------------------------------------

================================================================================
Timing constraint: PATH "TS_TIG_microblaze_0_ilmb_POR_FF_I_path" TIG;

 1 path analyzed, 1 endpoint analyzed, 0 failing endpoints
 0 timing errors detected. (0 setup errors, 0 hold errors)
--------------------------------------------------------------------------------

================================================================================
Timing constraint: TS_sys_clk_pin = PERIOD TIMEGRP "sys_clk_pin" 100 MHz HIGH 
50%;
For more information, see Period Analysis in the Timing Closure User Guide (UG612).

 0 paths analyzed, 0 endpoints analyzed, 0 failing endpoints
 0 timing errors detected. (0 component switching limit errors)
 Minimum period is   3.334ns.
--------------------------------------------------------------------------------

================================================================================
Timing constraint: TS_clk_600_0000MHz180PLL0_nobuf = PERIOD TIMEGRP         
"clk_600_0000MHz180PLL0_nobuf" TS_sys_clk_pin * 6 PHASE 0.833333333 ns         
HIGH 50%;
For more information, see Period Analysis in the Timing Closure User Guide (UG612).

 0 paths analyzed, 0 endpoints analyzed, 0 failing endpoints
 0 timing errors detected. (0 component switching limit errors)
 Minimum period is   1.499ns.
--------------------------------------------------------------------------------

================================================================================
Timing constraint: TS_clk_600_0000MHzPLL0_nobuf = PERIOD TIMEGRP 
"clk_600_0000MHzPLL0_nobuf"         TS_sys_clk_pin * 6 HIGH 50%;
For more information, see Period Analysis in the Timing Closure User Guide (UG612).

 0 paths analyzed, 0 endpoints analyzed, 0 failing endpoints
 0 timing errors detected. (0 component switching limit errors)
 Minimum period is   1.499ns.
--------------------------------------------------------------------------------

================================================================================
Timing constraint: TS_clock_generator_0_clock_generator_0_SIG_PLL0_CLKOUT2 = 
PERIOD TIMEGRP         "clock_generator_0_clock_generator_0_SIG_PLL0_CLKOUT2" 
TS_sys_clk_pin         HIGH 50%;
For more information, see Period Analysis in the Timing Closure User Guide (UG612).

 889529 paths analyzed, 63030 endpoints analyzed, 0 failing endpoints
 0 timing errors detected. (0 setup errors, 0 hold errors, 0 component switching limit errors)
 Minimum period is   9.963ns.
--------------------------------------------------------------------------------


Derived Constraint Report
Derived Constraints for TS_sys_clk_pin
+-------------------------------+-------------+-------------+-------------+-------------+-------------+-------------+-------------+
|                               |   Period    |       Actual Period       |      Timing Errors        |      Paths Analyzed       |
|           Constraint          | Requirement |-------------+-------------|-------------+-------------|-------------+-------------|
|                               |             |   Direct    | Derivative  |   Direct    | Derivative  |   Direct    | Derivative  |
+-------------------------------+-------------+-------------+-------------+-------------+-------------+-------------+-------------+
|TS_sys_clk_pin                 |     10.000ns|      3.334ns|      9.963ns|            0|            0|            0|       889529|
| TS_clk_600_0000MHz180PLL0_nobu|      1.667ns|      1.499ns|          N/A|            0|            0|            0|            0|
| f                             |             |             |             |             |             |             |             |
| TS_clk_600_0000MHzPLL0_nobuf  |      1.667ns|      1.499ns|          N/A|            0|            0|            0|            0|
| TS_clock_generator_0_clock_gen|     10.000ns|      9.963ns|          N/A|            0|            0|       889529|            0|
| erator_0_SIG_PLL0_CLKOUT2     |             |             |             |             |             |             |             |
+-------------------------------+-------------+-------------+-------------+-------------+-------------+-------------+-------------+

All constraints were met.


Data Sheet report:
-----------------
All values displayed in nanoseconds (ns)

Clock to Setup on destination clock GCLK
---------------+---------+---------+---------+---------+
               | Src:Rise| Src:Fall| Src:Rise| Src:Fall|
Source Clock   |Dest:Rise|Dest:Rise|Dest:Fall|Dest:Fall|
---------------+---------+---------+---------+---------+
GCLK           |    9.963|         |         |         |
---------------+---------+---------+---------+---------+


Timing summary:
---------------

Timing errors: 0  Score: 0  (Setup/Max: 0, Hold: 0)

Constraints cover 889556 paths, 0 nets, and 67889 connections

Design statistics:
   Minimum period:   9.963ns   (Maximum frequency: 100.371MHz)


Analysis completed Sun Jul 12 21:36:17 2015 
--------------------------------------------------------------------------------

Trace Settings:
-------------------------
Trace Settings 

Peak Memory Usage: 798 MB



